<?xml version="1.0" encoding="UTF-8"?>
<!-- Generated by org.testng.reporters.JUnitReportReporter -->
<testsuite hostname="MrAdarsh" failures="0" tests="13" name="TestClasses.SocietyMaster_TestClass" time="7.500" errors="0" timestamp="2025-06-11T18:46:38 IST" skipped="0">
  <testcase classname="TestClasses.SocietyMaster_TestClass" name="clickOnSocietyTab" time="2.262"/>
  <testcase classname="TestClasses.SocietyMaster_TestClass" name="ClickOntheScietyTab" time="0.499"/>
  <testcase classname="TestClasses.SocietyMaster_TestClass" name="ClickOntheNewSocietyButton" time="2.284"/>
  <testcase classname="TestClasses.SocietyMaster_TestClass" name="SelectPocketName" time="0.608"/>
  <testcase classname="TestClasses.SocietyMaster_TestClass" name="enterSocietyName" time="0.184"/>
  <testcase classname="TestClasses.SocietyMaster_TestClass" name="enterVillageName" time="0.150"/>
  <testcase classname="TestClasses.SocietyMaster_TestClass" name="enterTalukaName" time="0.157"/>
  <testcase classname="TestClasses.SocietyMaster_TestClass" name="enterOwnerName" time="0.159"/>
  <testcase classname="TestClasses.SocietyMaster_TestClass" name="enterNoOfUnits" time="0.131"/>
  <testcase classname="TestClasses.SocietyMaster_TestClass" name="enterArea" time="0.131"/>
  <testcase classname="TestClasses.SocietyMaster_TestClass" name="enterDataVerifiedBy" time="0.141"/>
  <testcase classname="TestClasses.SocietyMaster_TestClass" name="enterCTSNo" time="0.239"/>
  <testcase classname="TestClasses.SocietyMaster_TestClass" name="clickOntheSaveButton" time="0.555"/>
</testsuite> <!-- TestClasses.SocietyMaster_TestClass -->
