<?xml version="1.0" encoding="UTF-8"?>
<!-- Generated by org.testng.reporters.JUnitReportReporter -->
<testsuite hostname="MrAdarsh" failures="0" tests="10" name="TestClasses.PocketMaster_TestClass" time="5.363" errors="1" timestamp="2024-12-05T10:55:48 IST" skipped="0">
  <testcase classname="TestClasses.PocketMaster_TestClass" name="ClickOnThePocketTab" time="1.260"/>
  <testcase classname="TestClasses.PocketMaster_TestClass" name="ClickOnPocketTab" time="0.003"/>
  <testcase classname="TestClasses.PocketMaster_TestClass" name="ClickOnCreateNewPocketButton" time="3.219"/>
  <testcase classname="TestClasses.PocketMaster_TestClass" name="EnterPocketName" time="0.132"/>
  <testcase classname="TestClasses.PocketMaster_TestClass" name="selectCompanyName" time="0.278"/>
  <testcase classname="TestClasses.PocketMaster_TestClass" name="selectAreaType" time="0.139">
    <error message="stale element reference: stale element not found in the current frame
  (Session info: chrome=131.0.6778.108)
For documentation on this error, please visit: https://selenium.dev/exceptions/#stale_element_reference
Build info: version: &#039;4.6.0&#039;, revision: &#039;79f1c02ae20&#039;
System info: os.name: &#039;Windows 10&#039;, os.arch: &#039;amd64&#039;, os.version: &#039;10.0&#039;, java.version: &#039;23&#039;
Driver info: org.openqa.selenium.chrome.ChromeDriver
Command: [951455bb22c66ad07da82f54da565375, getElementText {id=f.8F8C8139A265DB1FB781CE632BCB754F.d.D2E3877CC36E245F3837699D9256E558.e.114}]
Capabilities {acceptInsecureCerts: false, browserName: chrome, browserVersion: 131.0.6778.108, chrome: {chromedriverVersion: 131.0.6778.87 (ce31cae94873..., userDataDir: C:\Users\admin\AppData\Loca...}, fedcm:accounts: true, goog:chromeOptions: {debuggerAddress: localhost:55234}, networkConnectionEnabled: false, pageLoadStrategy: normal, platformName: WINDOWS, proxy: Proxy(), se:cdp: ws://localhost:55234/devtoo..., se:cdpVersion: 131.0.6778.108, setWindowRect: true, strictFileInteractability: false, timeouts: {implicit: 0, pageLoad: 300000, script: 30000}, unhandledPromptBehavior: dismiss and notify, webauthn:extension:credBlob: true, webauthn:extension:largeBlob: true, webauthn:extension:minPinLength: true, webauthn:extension:prf: true, webauthn:virtualAuthenticators: true}
Element: [[ChromeDriver: chrome on WINDOWS (951455bb22c66ad07da82f54da565375)] -&gt; xpath: //ul[@class=&#039;p-dropdown-items ng-star-inserted&#039;]]
Session ID: 951455bb22c66ad07da82f54da565375" type="org.openqa.selenium.StaleElementReferenceException">
      <![CDATA[org.openqa.selenium.StaleElementReferenceException: stale element reference: stale element not found in the current frame
  (Session info: chrome=131.0.6778.108)
For documentation on this error, please visit: https://selenium.dev/exceptions/#stale_element_reference
Build info: version: '4.6.0', revision: '79f1c02ae20'
System info: os.name: 'Windows 10', os.arch: 'amd64', os.version: '10.0', java.version: '23'
Driver info: org.openqa.selenium.chrome.ChromeDriver
Command: [951455bb22c66ad07da82f54da565375, getElementText {id=f.8F8C8139A265DB1FB781CE632BCB754F.d.D2E3877CC36E245F3837699D9256E558.e.114}]
Capabilities {acceptInsecureCerts: false, browserName: chrome, browserVersion: 131.0.6778.108, chrome: {chromedriverVersion: 131.0.6778.87 (ce31cae94873..., userDataDir: C:\Users\admin\AppData\Loca...}, fedcm:accounts: true, goog:chromeOptions: {debuggerAddress: localhost:55234}, networkConnectionEnabled: false, pageLoadStrategy: normal, platformName: WINDOWS, proxy: Proxy(), se:cdp: ws://localhost:55234/devtoo..., se:cdpVersion: 131.0.6778.108, setWindowRect: true, strictFileInteractability: false, timeouts: {implicit: 0, pageLoad: 300000, script: 30000}, unhandledPromptBehavior: dismiss and notify, webauthn:extension:credBlob: true, webauthn:extension:largeBlob: true, webauthn:extension:minPinLength: true, webauthn:extension:prf: true, webauthn:virtualAuthenticators: true}
Element: [[ChromeDriver: chrome on WINDOWS (951455bb22c66ad07da82f54da565375)] -> xpath: //ul[@class='p-dropdown-items ng-star-inserted']]
Session ID: 951455bb22c66ad07da82f54da565375
at java.base/jdk.internal.reflect.DirectConstructorHandleAccessor.newInstance(DirectConstructorHandleAccessor.java:62)
at java.base/java.lang.reflect.Constructor.newInstanceWithCaller(Constructor.java:501)
at java.base/java.lang.reflect.Constructor.newInstance(Constructor.java:485)
at org.openqa.selenium.remote.codec.w3c.W3CHttpResponseCodec.createException(W3CHttpResponseCodec.java:200)
at org.openqa.selenium.remote.codec.w3c.W3CHttpResponseCodec.decode(W3CHttpResponseCodec.java:133)
at org.openqa.selenium.remote.codec.w3c.W3CHttpResponseCodec.decode(W3CHttpResponseCodec.java:53)
at org.openqa.selenium.remote.HttpCommandExecutor.execute(HttpCommandExecutor.java:184)
at org.openqa.selenium.remote.service.DriverCommandExecutor.invokeExecute(DriverCommandExecutor.java:167)
at org.openqa.selenium.remote.service.DriverCommandExecutor.execute(DriverCommandExecutor.java:142)
at org.openqa.selenium.remote.RemoteWebDriver.execute(RemoteWebDriver.java:541)
at org.openqa.selenium.remote.RemoteWebElement.execute(RemoteWebElement.java:257)
at org.openqa.selenium.remote.RemoteWebElement.getText(RemoteWebElement.java:207)
at PageObjects.PocketMaster_Class.selectAreaType(PocketMaster_Class.java:141)
at TestClasses.PocketMaster_TestClass.selectAreaType(PocketMaster_TestClass.java:39)
at java.base/jdk.internal.reflect.DirectMethodHandleAccessor.invoke(DirectMethodHandleAccessor.java:103)
at java.base/java.lang.reflect.Method.invoke(Method.java:580)
at org.testng.internal.invokers.MethodInvocationHelper.invokeMethod(MethodInvocationHelper.java:139)
at org.testng.internal.invokers.TestInvoker.invokeMethod(TestInvoker.java:664)
at org.testng.internal.invokers.TestInvoker.invokeTestMethod(TestInvoker.java:227)
at org.testng.internal.invokers.MethodRunner.runInSequence(MethodRunner.java:50)
at org.testng.internal.invokers.TestInvoker$MethodInvocationAgent.invoke(TestInvoker.java:957)
at org.testng.internal.invokers.TestInvoker.invokeTestMethods(TestInvoker.java:200)
at org.testng.internal.invokers.TestMethodWorker.invokeTestMethods(TestMethodWorker.java:148)
at org.testng.internal.invokers.TestMethodWorker.run(TestMethodWorker.java:128)
at java.base/java.util.ArrayList.forEach(ArrayList.java:1597)
at org.testng.TestRunner.privateRun(TestRunner.java:848)
at org.testng.TestRunner.run(TestRunner.java:621)
at org.testng.SuiteRunner.runTest(SuiteRunner.java:443)
at org.testng.SuiteRunner.runSequentially(SuiteRunner.java:437)
at org.testng.SuiteRunner.privateRun(SuiteRunner.java:397)
at org.testng.SuiteRunner.run(SuiteRunner.java:336)
at org.testng.SuiteRunnerWorker.runSuite(SuiteRunnerWorker.java:52)
at org.testng.SuiteRunnerWorker.run(SuiteRunnerWorker.java:95)
at org.testng.TestNG.runSuitesSequentially(TestNG.java:1280)
at org.testng.TestNG.runSuitesLocally(TestNG.java:1200)
at org.testng.TestNG.runSuites(TestNG.java:1114)
at org.testng.TestNG.run(TestNG.java:1082)
at org.testng.remote.AbstractRemoteTestNG.run(AbstractRemoteTestNG.java:115)
at org.testng.remote.RemoteTestNG.initAndRun(RemoteTestNG.java:293)
at org.testng.remote.RemoteTestNG.main(RemoteTestNG.java:91)
]]>
    </error>
  </testcase> <!-- selectAreaType -->
  <testcase classname="TestClasses.PocketMaster_TestClass" name="Invoice_cut_off_date" time="0.001"/>
  <testcase classname="TestClasses.PocketMaster_TestClass" name="Enter_Location" time="0.132"/>
  <testcase classname="TestClasses.PocketMaster_TestClass" name="Enter_Address" time="0.106"/>
  <testcase classname="TestClasses.PocketMaster_TestClass" name="ClickOnNextButton" time="0.093"/>
</testsuite> <!-- TestClasses.PocketMaster_TestClass -->
