<?xml version="1.0" encoding="UTF-8"?>
<!-- Generated by org.testng.reporters.JUnitReportReporter -->
<testsuite hostname="MrAdarsh" failures="0" tests="2" name="TestClasses.Login_TestClass" time="2.939" errors="0" timestamp="2025-06-11T16:48:42 IST" skipped="0">
  <testcase classname="TestClasses.Login_TestClass" name="enterInValidCredentials" time="1.408"/>
  <testcase classname="TestClasses.Login_TestClass" name="enterValidCredentials" time="1.531"/>
</testsuite> <!-- TestClasses.Login_TestClass -->
