<?xml version="1.0" encoding="UTF-8"?>
<!-- Generated by org.testng.reporters.JUnitReportReporter -->
<testsuite hostname="MrAdarsh" failures="0" tests="2" name="TestClasses.Login_TestClass" time="2.970" errors="0" timestamp="2025-06-12T16:14:07 IST" skipped="0">
  <testcase classname="TestClasses.Login_TestClass" name="enterInValidCredentials" time="1.404"/>
  <testcase classname="TestClasses.Login_TestClass" name="enterValidCredentials" time="1.566"/>
</testsuite> <!-- TestClasses.Login_TestClass -->
