<?xml version="1.0" encoding="UTF-8"?>
<!-- Generated by org.testng.reporters.JUnitReportReporter -->
<testsuite hostname="MrAdarsh" failures="0" tests="2" name="TestClasses.Login_TestClass" time="19.799" errors="0" timestamp="2025-05-29T15:33:46 IST" skipped="0">
  <testcase classname="TestClasses.Login_TestClass" name="enterInValidCredentials" time="18.118"/>
  <testcase classname="TestClasses.Login_TestClass" name="enterValidCredentials" time="1.681"/>
</testsuite> <!-- TestClasses.Login_TestClass -->
