<?xml version="1.0" encoding="UTF-8"?>
<!-- Generated by org.testng.reporters.JUnitReportReporter -->
<testsuite hostname="MrAdarsh" failures="0" tests="2" name="TestClasses.Login_TestClass" time="0.894" errors="0" timestamp="2024-12-05T15:35:17 IST" skipped="0">
  <testcase classname="TestClasses.Login_TestClass" name="enterInValidCredentials" time="0.441"/>
  <testcase classname="TestClasses.Login_TestClass" name="enterValidCredentials" time="0.453"/>
</testsuite> <!-- TestClasses.Login_TestClass -->
