<?xml version="1.0" encoding="UTF-8"?>
<!-- Generated by org.testng.reporters.JUnitReportReporter -->
<testsuite hostname="MrAdarsh" failures="0" tests="38" name="TestClasses.PocketMaster_TestClass" time="30.493" errors="1" timestamp="2025-06-13T15:25:00 IST" skipped="0">
  <testcase classname="TestClasses.PocketMaster_TestClass" name="ClickOnThePocketTab" time="2.253"/>
  <testcase classname="TestClasses.PocketMaster_TestClass" name="ClickOnPocketTab" time="0.097"/>
  <testcase classname="TestClasses.PocketMaster_TestClass" name="ClickOnCreateNewPocketButton" time="0.337"/>
  <testcase classname="TestClasses.PocketMaster_TestClass" name="SelectStartDate" time="5.172"/>
  <testcase classname="TestClasses.PocketMaster_TestClass" name="SelectEndDate" time="3.079"/>
  <testcase classname="TestClasses.PocketMaster_TestClass" name="ClickOnTheNextButton" time="0.090"/>
  <testcase classname="TestClasses.PocketMaster_TestClass" name="EnterPocketName" time="0.123"/>
  <testcase classname="TestClasses.PocketMaster_TestClass" name="selectCompanyName" time="0.332"/>
  <testcase classname="TestClasses.PocketMaster_TestClass" name="selectAreaTypeandEnterAreaValue" time="0.090"/>
  <testcase classname="TestClasses.PocketMaster_TestClass" name="Invoice_cut_off_date" time="2.129"/>
  <testcase classname="TestClasses.PocketMaster_TestClass" name="Enter_Location" time="0.284"/>
  <testcase classname="TestClasses.PocketMaster_TestClass" name="Enter_Address" time="0.104"/>
  <testcase classname="TestClasses.PocketMaster_TestClass" name="ClickOnNextButton" time="0.097"/>
  <testcase classname="TestClasses.PocketMaster_TestClass" name="enterNoofTemples" time="0.071"/>
  <testcase classname="TestClasses.PocketMaster_TestClass" name="enterNoofChurches" time="0.077"/>
  <testcase classname="TestClasses.PocketMaster_TestClass" name="enterNoofHospitals" time="0.079"/>
  <testcase classname="TestClasses.PocketMaster_TestClass" name="enterNoofToilets" time="0.081"/>
  <testcase classname="TestClasses.PocketMaster_TestClass" name="enterFireBrigade" time="0.083"/>
  <testcase classname="TestClasses.PocketMaster_TestClass" name="enterWaterSupply" time="0.091"/>
  <testcase classname="TestClasses.PocketMaster_TestClass" name="enterNoofmosques" time="0.086"/>
  <testcase classname="TestClasses.PocketMaster_TestClass" name="enterNoofParks" time="0.096"/>
  <testcase classname="TestClasses.PocketMaster_TestClass" name="enterNoofSchool" time="0.112"/>
  <testcase classname="TestClasses.PocketMaster_TestClass" name="enterNoofbank" time="0.098"/>
  <testcase classname="TestClasses.PocketMaster_TestClass" name="enterRailwaystation" time="0.113"/>
  <testcase classname="TestClasses.PocketMaster_TestClass" name="enterPolicestation" time="0.096"/>
  <testcase classname="TestClasses.PocketMaster_TestClass" name="enterNoofcollege" time="0.131"/>
  <testcase classname="TestClasses.PocketMaster_TestClass" name="enterBusDepot" time="0.104"/>
  <testcase classname="TestClasses.PocketMaster_TestClass" name="enterNoofmarket" time="0.109"/>
  <testcase classname="TestClasses.PocketMaster_TestClass" name="enterElectricitySupply" time="0.085"/>
  <testcase classname="TestClasses.PocketMaster_TestClass" name="ClickOnNextButton2" time="0.072"/>
  <testcase classname="TestClasses.PocketMaster_TestClass" name="selectUsageType" time="0.259"/>
  <testcase classname="TestClasses.PocketMaster_TestClass" name="selectProcessType" time="0.244"/>
  <testcase classname="TestClasses.PocketMaster_TestClass" name="enterFromAmountRange" time="0.083"/>
  <testcase classname="TestClasses.PocketMaster_TestClass" name="enterToAmountRange" time="0.122"/>
  <testcase classname="TestClasses.PocketMaster_TestClass" name="selectRange1StartDate" time="1.990"/>
  <testcase classname="TestClasses.PocketMaster_TestClass" name="selectRange1EndDate" time="10.777"/>
  <testcase classname="TestClasses.PocketMaster_TestClass" name="ClickOnNextButton3" time="0.085"/>
  <testcase classname="TestClasses.PocketMaster_TestClass" name="clickOnTheSaveButton" time="1.162">
    <error message="element click intercepted: Element &lt;span class=&quot;p-button-label&quot;&gt;...&lt;/span&gt; is not clickable at point (1535, 133). Other element would receive the click: &lt;div _ngcontent-ng-c3782473939=&quot;&quot; class=&quot;p-d-flex&quot;&gt;...&lt;/div&gt;
  (Session info: chrome=137.0.7151.104)
Build info: version: &#039;4.6.0&#039;, revision: &#039;79f1c02ae20&#039;
System info: os.name: &#039;Windows 10&#039;, os.arch: &#039;amd64&#039;, os.version: &#039;10.0&#039;, java.version: &#039;23&#039;
Driver info: org.openqa.selenium.chrome.ChromeDriver
Command: [528a589076c4694f9a5a6c13761cbc0f, clickElement {id=f.040E51E42C74CB45B0910A4849268B69.d.80BA93CF8E3E36E7BA0D6B1522465F81.e.453}]
Capabilities {acceptInsecureCerts: false, browserName: chrome, browserVersion: 137.0.7151.104, chrome: {chromedriverVersion: 137.0.7151.70 (dfa4dc56b2ab..., userDataDir: C:\Users\admin\AppData\Loca...}, fedcm:accounts: true, goog:chromeOptions: {debuggerAddress: localhost:58210}, networkConnectionEnabled: false, pageLoadStrategy: normal, platformName: WINDOWS, proxy: Proxy(), se:cdp: ws://localhost:58210/devtoo..., se:cdpVersion: 137.0.7151.104, setWindowRect: true, strictFileInteractability: false, timeouts: {implicit: 0, pageLoad: 300000, script: 30000}, unhandledPromptBehavior: dismiss and notify, webauthn:extension:credBlob: true, webauthn:extension:largeBlob: true, webauthn:extension:minPinLength: true, webauthn:extension:prf: true, webauthn:virtualAuthenticators: true}
Element: [[ChromeDriver: chrome on WINDOWS (528a589076c4694f9a5a6c13761cbc0f)] -&gt; xpath: //span[text()=&#039;Save&#039;]]
Session ID: 528a589076c4694f9a5a6c13761cbc0f" type="org.openqa.selenium.ElementClickInterceptedException">
      <![CDATA[org.openqa.selenium.ElementClickInterceptedException: element click intercepted: Element <span class="p-button-label">...</span> is not clickable at point (1535, 133). Other element would receive the click: <div _ngcontent-ng-c3782473939="" class="p-d-flex">...</div>
  (Session info: chrome=137.0.7151.104)
Build info: version: '4.6.0', revision: '79f1c02ae20'
System info: os.name: 'Windows 10', os.arch: 'amd64', os.version: '10.0', java.version: '23'
Driver info: org.openqa.selenium.chrome.ChromeDriver
Command: [528a589076c4694f9a5a6c13761cbc0f, clickElement {id=f.040E51E42C74CB45B0910A4849268B69.d.80BA93CF8E3E36E7BA0D6B1522465F81.e.453}]
Capabilities {acceptInsecureCerts: false, browserName: chrome, browserVersion: 137.0.7151.104, chrome: {chromedriverVersion: 137.0.7151.70 (dfa4dc56b2ab..., userDataDir: C:\Users\admin\AppData\Loca...}, fedcm:accounts: true, goog:chromeOptions: {debuggerAddress: localhost:58210}, networkConnectionEnabled: false, pageLoadStrategy: normal, platformName: WINDOWS, proxy: Proxy(), se:cdp: ws://localhost:58210/devtoo..., se:cdpVersion: 137.0.7151.104, setWindowRect: true, strictFileInteractability: false, timeouts: {implicit: 0, pageLoad: 300000, script: 30000}, unhandledPromptBehavior: dismiss and notify, webauthn:extension:credBlob: true, webauthn:extension:largeBlob: true, webauthn:extension:minPinLength: true, webauthn:extension:prf: true, webauthn:virtualAuthenticators: true}
Element: [[ChromeDriver: chrome on WINDOWS (528a589076c4694f9a5a6c13761cbc0f)] -> xpath: //span[text()='Save']]
Session ID: 528a589076c4694f9a5a6c13761cbc0f
at java.base/jdk.internal.reflect.DirectConstructorHandleAccessor.newInstance(DirectConstructorHandleAccessor.java:62)
at java.base/java.lang.reflect.Constructor.newInstanceWithCaller(Constructor.java:501)
at java.base/java.lang.reflect.Constructor.newInstance(Constructor.java:485)
at org.openqa.selenium.remote.codec.w3c.W3CHttpResponseCodec.createException(W3CHttpResponseCodec.java:200)
at org.openqa.selenium.remote.codec.w3c.W3CHttpResponseCodec.decode(W3CHttpResponseCodec.java:133)
at org.openqa.selenium.remote.codec.w3c.W3CHttpResponseCodec.decode(W3CHttpResponseCodec.java:53)
at org.openqa.selenium.remote.HttpCommandExecutor.execute(HttpCommandExecutor.java:184)
at org.openqa.selenium.remote.service.DriverCommandExecutor.invokeExecute(DriverCommandExecutor.java:167)
at org.openqa.selenium.remote.service.DriverCommandExecutor.execute(DriverCommandExecutor.java:142)
at org.openqa.selenium.remote.RemoteWebDriver.execute(RemoteWebDriver.java:541)
at org.openqa.selenium.remote.RemoteWebElement.execute(RemoteWebElement.java:257)
at org.openqa.selenium.remote.RemoteWebElement.click(RemoteWebElement.java:78)
at java.base/jdk.internal.reflect.DirectMethodHandleAccessor.invoke(DirectMethodHandleAccessor.java:103)
at java.base/java.lang.reflect.Method.invoke(Method.java:580)
at org.openqa.selenium.support.pagefactory.internal.LocatingElementHandler.invoke(LocatingElementHandler.java:52)
at jdk.proxy2/jdk.proxy2.$Proxy30.click(Unknown Source)
at PageObjects.PocketMaster_Class.ClickOnTheSaveButton(PocketMaster_Class.java:398)
at TestClasses.PocketMaster_TestClass.clickOnTheSaveButton(PocketMaster_TestClass.java:203)
at java.base/jdk.internal.reflect.DirectMethodHandleAccessor.invoke(DirectMethodHandleAccessor.java:103)
at java.base/java.lang.reflect.Method.invoke(Method.java:580)
at org.testng.internal.invokers.MethodInvocationHelper.invokeMethod(MethodInvocationHelper.java:139)
at org.testng.internal.invokers.TestInvoker.invokeMethod(TestInvoker.java:664)
at org.testng.internal.invokers.TestInvoker.invokeTestMethod(TestInvoker.java:227)
at org.testng.internal.invokers.MethodRunner.runInSequence(MethodRunner.java:50)
at org.testng.internal.invokers.TestInvoker$MethodInvocationAgent.invoke(TestInvoker.java:957)
at org.testng.internal.invokers.TestInvoker.invokeTestMethods(TestInvoker.java:200)
at org.testng.internal.invokers.TestMethodWorker.invokeTestMethods(TestMethodWorker.java:148)
at org.testng.internal.invokers.TestMethodWorker.run(TestMethodWorker.java:128)
at java.base/java.util.ArrayList.forEach(ArrayList.java:1597)
at org.testng.TestRunner.privateRun(TestRunner.java:848)
at org.testng.TestRunner.run(TestRunner.java:621)
at org.testng.SuiteRunner.runTest(SuiteRunner.java:443)
at org.testng.SuiteRunner.runSequentially(SuiteRunner.java:437)
at org.testng.SuiteRunner.privateRun(SuiteRunner.java:397)
at org.testng.SuiteRunner.run(SuiteRunner.java:336)
at org.testng.SuiteRunnerWorker.runSuite(SuiteRunnerWorker.java:52)
at org.testng.SuiteRunnerWorker.run(SuiteRunnerWorker.java:95)
at org.testng.TestNG.runSuitesSequentially(TestNG.java:1280)
at org.testng.TestNG.runSuitesLocally(TestNG.java:1200)
at org.testng.TestNG.runSuites(TestNG.java:1114)
at org.testng.TestNG.run(TestNG.java:1082)
at org.testng.remote.AbstractRemoteTestNG.run(AbstractRemoteTestNG.java:115)
at org.testng.remote.RemoteTestNG.initAndRun(RemoteTestNG.java:293)
at org.testng.remote.RemoteTestNG.main(RemoteTestNG.java:91)
]]>
    </error>
  </testcase> <!-- clickOnTheSaveButton -->
</testsuite> <!-- TestClasses.PocketMaster_TestClass -->
