<?xml version="1.0" encoding="UTF-8"?>
<!-- Generated by org.testng.reporters.JUnitReportReporter -->
<testsuite hostname="MrAdarsh" failures="0" tests="5" name="TestClasses.SocietyMaster_TestClass" time="4.615" errors="0" timestamp="2024-12-05T15:35:17 IST" skipped="0">
  <testcase classname="TestClasses.SocietyMaster_TestClass" name="clickOnSocietyTab" time="1.436"/>
  <testcase classname="TestClasses.SocietyMaster_TestClass" name="ClickOntheScietyTab" time="0.459"/>
  <testcase classname="TestClasses.SocietyMaster_TestClass" name="ClickOntheNewSocietyButton" time="2.207"/>
  <testcase classname="TestClasses.SocietyMaster_TestClass" name="SelectPocketName" time="0.405"/>
  <testcase classname="TestClasses.SocietyMaster_TestClass" name="ClickOnNextButton" time="0.108"/>
</testsuite> <!-- TestClasses.SocietyMaster_TestClass -->
