<?xml version="1.0" encoding="UTF-8"?>
<!-- Generated by org.testng.reporters.JUnitReportReporter -->
<testsuite hostname="MrAdarsh" failures="0" tests="2" name="TestClasses.Login_TestClass" time="1.129" errors="0" timestamp="2025-05-22T11:35:08 IST" skipped="0">
  <testcase classname="TestClasses.Login_TestClass" name="enterInValidCredentials" time="0.438"/>
  <testcase classname="TestClasses.Login_TestClass" name="enterValidCredentials" time="0.691"/>
</testsuite> <!-- TestClasses.Login_TestClass -->
