<?xml version="1.0" encoding="UTF-8"?>
<!-- Generated by org.testng.reporters.JUnitReportReporter -->
<testsuite hostname="MrAdarsh" failures="0" tests="13" name="TestClasses.PocketMaster_TestClass" time="17.460" errors="0" timestamp="2025-05-30T12:11:16 IST" skipped="0">
  <testcase classname="TestClasses.PocketMaster_TestClass" name="ClickOnThePocketTab" time="2.365"/>
  <testcase classname="TestClasses.PocketMaster_TestClass" name="ClickOnPocketTab" time="0.269"/>
  <testcase classname="TestClasses.PocketMaster_TestClass" name="ClickOnCreateNewPocketButton" time="0.824"/>
  <testcase classname="TestClasses.PocketMaster_TestClass" name="SelectStartDate" time="6.112"/>
  <testcase classname="TestClasses.PocketMaster_TestClass" name="SelectEndDate" time="3.736"/>
  <testcase classname="TestClasses.PocketMaster_TestClass" name="ClickOnTheNextButton" time="0.135"/>
  <testcase classname="TestClasses.PocketMaster_TestClass" name="EnterPocketName" time="0.153"/>
  <testcase classname="TestClasses.PocketMaster_TestClass" name="selectCompanyName" time="0.461"/>
  <testcase classname="TestClasses.PocketMaster_TestClass" name="selectAreaTypeandEnterAreaValue" time="0.126"/>
  <testcase classname="TestClasses.PocketMaster_TestClass" name="Invoice_cut_off_date" time="2.658"/>
  <testcase classname="TestClasses.PocketMaster_TestClass" name="Enter_Location" time="0.373"/>
  <testcase classname="TestClasses.PocketMaster_TestClass" name="Enter_Address" time="0.134"/>
  <testcase classname="TestClasses.PocketMaster_TestClass" name="ClickOnNextButton" time="0.114"/>
</testsuite> <!-- TestClasses.PocketMaster_TestClass -->
