<?xml version="1.0" encoding="UTF-8"?>
<!-- Generated by org.testng.reporters.JUnitReportReporter -->
<testsuite hostname="MrAdarsh" failures="0" tests="2" name="TestClasses.Login_TestClass" time="6.523" errors="0" timestamp="2025-05-30T12:11:16 IST" skipped="0">
  <testcase classname="TestClasses.Login_TestClass" name="enterInValidCredentials" time="5.014"/>
  <testcase classname="TestClasses.Login_TestClass" name="enterValidCredentials" time="1.509"/>
</testsuite> <!-- TestClasses.Login_TestClass -->
