<?xml version="1.0" encoding="UTF-8"?>
<!-- Generated by org.testng.reporters.JUnitReportReporter -->
<testsuite hostname="MrAdarsh" failures="0" tests="14" name="TestClasses.UnitMaster_TestClass" time="10.658" errors="0" timestamp="2025-06-12T16:14:07 IST" skipped="0">
  <testcase classname="TestClasses.UnitMaster_TestClass" name="clickOnSurveyTab" time="5.139"/>
  <testcase classname="TestClasses.UnitMaster_TestClass" name="ClickOnUnitTab" time="0.157"/>
  <testcase classname="TestClasses.UnitMaster_TestClass" name="ClickOnNewUnitButton" time="0.455"/>
  <testcase classname="TestClasses.UnitMaster_TestClass" name="clickManualOption" time="0.457"/>
  <testcase classname="TestClasses.UnitMaster_TestClass" name="select_Pocket" time="0.691"/>
  <testcase classname="TestClasses.UnitMaster_TestClass" name="select_Society" time="0.695"/>
  <testcase classname="TestClasses.UnitMaster_TestClass" name="unit_No" time="0.272"/>
  <testcase classname="TestClasses.UnitMaster_TestClass" name="owner_Name" time="0.283"/>
  <testcase classname="TestClasses.UnitMaster_TestClass" name="select_UsageType" time="0.486"/>
  <testcase classname="TestClasses.UnitMaster_TestClass" name="select_Occupancy_Status" time="0.478"/>
  <testcase classname="TestClasses.UnitMaster_TestClass" name="select_Residence" time="0.458"/>
  <testcase classname="TestClasses.UnitMaster_TestClass" name="select_Structure_Details" time="0.394"/>
  <testcase classname="TestClasses.UnitMaster_TestClass" name="enter_Area" time="0.157"/>
  <testcase classname="TestClasses.UnitMaster_TestClass" name="select_Facing_Types" time="0.536"/>
</testsuite> <!-- TestClasses.UnitMaster_TestClass -->
