<?xml version="1.0" encoding="UTF-8"?>
<!-- Generated by org.testng.reporters.JUnitReportReporter -->
<testsuite hostname="MrAdarsh" failures="0" tests="2" name="TestClasses.Login_TestClass" time="2.668" errors="0" timestamp="2025-06-13T15:25:00 IST" skipped="0">
  <testcase classname="TestClasses.Login_TestClass" name="enterInValidCredentials" time="1.297"/>
  <testcase classname="TestClasses.Login_TestClass" name="enterValidCredentials" time="1.371"/>
</testsuite> <!-- TestClasses.Login_TestClass -->
