<?xml version="1.0" encoding="UTF-8"?>
<!-- Generated by org.testng.reporters.JUnitReportReporter -->
<testsuite hostname="MrAdarsh" failures="0" tests="1" name="TestClasses.Login_TestClass" time="1.498" errors="0" timestamp="2025-06-17T17:00:15 IST" skipped="0">
  <testcase classname="TestClasses.Login_TestClass" name="enterValidCredentials" time="1.498"/>
</testsuite> <!-- TestClasses.Login_TestClass -->
