<?xml version="1.0" encoding="UTF-8"?>
<!-- Generated by org.testng.reporters.JUnitReportReporter -->
<testsuite hostname="MrAdarsh" failures="0" tests="23" name="TestClasses.UnitMaster_TestClass" time="10.054" errors="0" timestamp="2025-06-13T15:15:43 IST" skipped="0">
  <testcase classname="TestClasses.UnitMaster_TestClass" name="clickOnSurveyTab" time="5.164"/>
  <testcase classname="TestClasses.UnitMaster_TestClass" name="ClickOnUnitTab" time="0.106"/>
  <testcase classname="TestClasses.UnitMaster_TestClass" name="ClickOnNewUnitButton" time="0.367"/>
  <testcase classname="TestClasses.UnitMaster_TestClass" name="clickManualOption" time="0.245"/>
  <testcase classname="TestClasses.UnitMaster_TestClass" name="select_Pocket" time="0.590"/>
  <testcase classname="TestClasses.UnitMaster_TestClass" name="select_Society" time="0.394"/>
  <testcase classname="TestClasses.UnitMaster_TestClass" name="unit_No" time="0.113"/>
  <testcase classname="TestClasses.UnitMaster_TestClass" name="owner_Name" time="0.153"/>
  <testcase classname="TestClasses.UnitMaster_TestClass" name="select_UsageType" time="0.357"/>
  <testcase classname="TestClasses.UnitMaster_TestClass" name="select_Occupancy_Status" time="0.439"/>
  <testcase classname="TestClasses.UnitMaster_TestClass" name="select_Residence" time="0.414"/>
  <testcase classname="TestClasses.UnitMaster_TestClass" name="select_Structure_Details" time="0.285"/>
  <testcase classname="TestClasses.UnitMaster_TestClass" name="enter_Area" time="0.105"/>
  <testcase classname="TestClasses.UnitMaster_TestClass" name="select_Facing_Types" time="0.323"/>
  <testcase classname="TestClasses.UnitMaster_TestClass" name="enter_censedNameFirst" time="0.114"/>
  <testcase classname="TestClasses.UnitMaster_TestClass" name="enter_censedNameMiddle" time="0.078"/>
  <testcase classname="TestClasses.UnitMaster_TestClass" name="enter_censedNameLast" time="0.111"/>
  <testcase classname="TestClasses.UnitMaster_TestClass" name="enter_occupierFirstName" time="0.120"/>
  <testcase classname="TestClasses.UnitMaster_TestClass" name="enter_occupierMiddleName" time="0.181"/>
  <testcase classname="TestClasses.UnitMaster_TestClass" name="enter_occupierLastName" time="0.086"/>
  <testcase classname="TestClasses.UnitMaster_TestClass" name="enter_originalSocietyName" time="0.108"/>
  <testcase classname="TestClasses.UnitMaster_TestClass" name="Enter_originalSurveyNo" time="0.081"/>
  <testcase classname="TestClasses.UnitMaster_TestClass" name="ClickOnNext_button" time="0.120"/>
</testsuite> <!-- TestClasses.UnitMaster_TestClass -->
