<?xml version="1.0" encoding="UTF-8"?>
<!-- Generated by org.testng.reporters.JUnitReportReporter -->
<testsuite hostname="MrAdarsh" failures="0" tests="44" name="TestClasses.UnitMaster_TestClass" time="13.069" errors="0" timestamp="2025-06-16T17:18:22 IST" skipped="0">
  <testcase classname="TestClasses.UnitMaster_TestClass" name="clickOnSurveyTab" time="5.104"/>
  <testcase classname="TestClasses.UnitMaster_TestClass" name="ClickOnUnitTab" time="0.114"/>
  <testcase classname="TestClasses.UnitMaster_TestClass" name="ClickOnNewUnitButton" time="0.239"/>
  <testcase classname="TestClasses.UnitMaster_TestClass" name="clickManualOption" time="0.216"/>
  <testcase classname="TestClasses.UnitMaster_TestClass" name="select_Pocket" time="0.363"/>
  <testcase classname="TestClasses.UnitMaster_TestClass" name="select_Society" time="0.460"/>
  <testcase classname="TestClasses.UnitMaster_TestClass" name="unit_No" time="0.138"/>
  <testcase classname="TestClasses.UnitMaster_TestClass" name="owner_Name" time="0.147"/>
  <testcase classname="TestClasses.UnitMaster_TestClass" name="select_UsageType" time="0.496"/>
  <testcase classname="TestClasses.UnitMaster_TestClass" name="select_Occupancy_Status" time="0.526"/>
  <testcase classname="TestClasses.UnitMaster_TestClass" name="select_Residence" time="0.352"/>
  <testcase classname="TestClasses.UnitMaster_TestClass" name="select_Structure_Details" time="0.435"/>
  <testcase classname="TestClasses.UnitMaster_TestClass" name="enter_Area" time="0.188"/>
  <testcase classname="TestClasses.UnitMaster_TestClass" name="select_Facing_Types" time="0.512"/>
  <testcase classname="TestClasses.UnitMaster_TestClass" name="enter_censedNameFirst" time="0.105"/>
  <testcase classname="TestClasses.UnitMaster_TestClass" name="enter_censedNameMiddle" time="0.079"/>
  <testcase classname="TestClasses.UnitMaster_TestClass" name="enter_censedNameLast" time="0.088"/>
  <testcase classname="TestClasses.UnitMaster_TestClass" name="enter_occupierFirstName" time="0.086"/>
  <testcase classname="TestClasses.UnitMaster_TestClass" name="enter_occupierMiddleName" time="0.080"/>
  <testcase classname="TestClasses.UnitMaster_TestClass" name="enter_occupierLastName" time="0.092"/>
  <testcase classname="TestClasses.UnitMaster_TestClass" name="enter_originalSocietyName" time="0.104"/>
  <testcase classname="TestClasses.UnitMaster_TestClass" name="enter_originalSurveyNo" time="0.082"/>
  <testcase classname="TestClasses.UnitMaster_TestClass" name="clickOnNext_button1" time="0.082"/>
  <testcase classname="TestClasses.UnitMaster_TestClass" name="enterAge" time="0.157"/>
  <testcase classname="TestClasses.UnitMaster_TestClass" name="selectReligion" time="0.261"/>
  <testcase classname="TestClasses.UnitMaster_TestClass" name="selectCast" time="0.261"/>
  <testcase classname="TestClasses.UnitMaster_TestClass" name="selectLanguage" time="0.264"/>
  <testcase classname="TestClasses.UnitMaster_TestClass" name="selectFamilyType" time="0.282"/>
  <testcase classname="TestClasses.UnitMaster_TestClass" name="snterQualification" time="0.083"/>
  <testcase classname="TestClasses.UnitMaster_TestClass" name="selectMaritalStatus" time="0.251"/>
  <testcase classname="TestClasses.UnitMaster_TestClass" name="snterContactNo" time="0.092"/>
  <testcase classname="TestClasses.UnitMaster_TestClass" name="snterOccupation" time="0.083"/>
  <testcase classname="TestClasses.UnitMaster_TestClass" name="selectDisability" time="0.253"/>
  <testcase classname="TestClasses.UnitMaster_TestClass" name="enterNomineeName" time="0.111"/>
  <testcase classname="TestClasses.UnitMaster_TestClass" name="enterAddress" time="0.088"/>
  <testcase classname="TestClasses.UnitMaster_TestClass" name="enterBankName" time="0.093"/>
  <testcase classname="TestClasses.UnitMaster_TestClass" name="enterBankAccountNo" time="0.094"/>
  <testcase classname="TestClasses.UnitMaster_TestClass" name="enterBranchName" time="0.086"/>
  <testcase classname="TestClasses.UnitMaster_TestClass" name="enterRentAmount" time="0.078"/>
  <testcase classname="TestClasses.UnitMaster_TestClass" name="enterPaysRentto" time="0.091"/>
  <testcase classname="TestClasses.UnitMaster_TestClass" name="enterOtherDoc" time="0.086"/>
  <testcase classname="TestClasses.UnitMaster_TestClass" name="enterHouseholdServices" time="0.103"/>
  <testcase classname="TestClasses.UnitMaster_TestClass" name="enterCompanyDetails" time="0.090"/>
  <testcase classname="TestClasses.UnitMaster_TestClass" name="clickOnNext_button" time="0.074"/>
</testsuite> <!-- TestClasses.UnitMaster_TestClass -->
