<?xml version="1.0" encoding="UTF-8"?>
<!-- Generated by org.testng.reporters.JUnitReportReporter -->
<testsuite hostname="MrAdarsh" failures="0" tests="2" name="TestClasses.Login_TestClass" time="6.877" errors="0" timestamp="2025-05-27T11:24:17 IST" skipped="0">
  <testcase classname="TestClasses.Login_TestClass" name="enterInValidCredentials" time="5.332"/>
  <testcase classname="TestClasses.Login_TestClass" name="enterValidCredentials" time="1.545"/>
</testsuite> <!-- TestClasses.Login_TestClass -->
