<?xml version="1.0" encoding="UTF-8"?>
<!-- Generated by org.testng.reporters.JUnitReportReporter -->
<testsuite hostname="MrAdarsh" failures="0" tests="2" name="TestClasses.Login_TestClass" time="8.873" errors="0" timestamp="2025-05-23T17:21:41 IST" skipped="0">
  <testcase classname="TestClasses.Login_TestClass" name="enterInValidCredentials" time="4.389"/>
  <testcase classname="TestClasses.Login_TestClass" name="enterValidCredentials" time="4.484"/>
</testsuite> <!-- TestClasses.Login_TestClass -->
